[[Game.Tile.blackCorner1Tile.clone(),
	Game.Tile.blackWallVertiTile.clone(),
	Game.Tile.blackWallVertiTile.clone(),
	Game.Tile.blackWallVertiTile.clone(),
	Game.Tile.blackWallVertiTile.clone(),
	Game.Tile.blackWallVertiTile.clone(),
	Game.Tile.blackDoorTile.clone(),
	Game.Tile.blackWallVertiTile.clone(),
	Game.Tile.blackWallVertiTile.clone(),
	Game.Tile.blackWallVertiTile.clone(),
	Game.Tile.blackWallVertiTile.clone(),
	Game.Tile.blackWallVertiTile.clone(),
	Game.Tile.blackCorner3Tile.clone()],
[Game.Tile.blackWallHoriTile.clone(),
	Game.Tile.blackFloorTile.clone(),
	Game.Tile.blackFloorTile.clone(),
	Game.Tile.blackFloorTile.clone(),
	Game.Tile.blackFloorTile.clone(),
	Game.Tile.blackFloorTile.clone(),
	Game.Tile.blackFloorTile.clone(),
	Game.Tile.blackFloorTile.clone(),
	Game.Tile.blackFloorTile.clone(),
	Game.Tile.blackFloorTile.clone(),
	Game.Tile.blackFloorTile.clone(),
	Game.Tile.blackFloorTile.clone(),
	Game.Tile.blackWallHoriTile.clone()],
[Game.Tile.blackWallHoriTile.clone(),
	Game.Tile.blackFloorTile.clone(),
	Game.Tile.blackFloorTile.clone(),
	Game.Tile.blackFloorTile.clone(),
	Game.Tile.blackFloorTile.clone(),
	Game.Tile.blackFloorTile.clone(),
	Game.Tile.blackFloorTile.clone(),
	Game.Tile.blackFloorTile.clone(),
	Game.Tile.blackFloorTile.clone(),
	Game.Tile.blackFloorTile.clone(),
	Game.Tile.blackFloorTile.clone(),
	Game.Tile.blackFloorTile.clone(),
	Game.Tile.blackWallHoriTile.clone()],
[Game.Tile.blackWallHoriTile.clone(),
	Game.Tile.blackFloorTile.clone(),
	Game.Tile.blackFloorTile.clone(),
	Game.Tile.blackFloorTile.clone(),
	Game.Tile.blackFloorTile.clone(),
	Game.Tile.blackFloorTile.clone(),
	Game.Tile.blackFloorTile.clone(),
	Game.Tile.blackFloorTile.clone(),
	Game.Tile.blackFloorTile.clone(),
	Game.Tile.blackFloorTile.clone(),
	Game.Tile.blackFloorTile.clone(),
	Game.Tile.blackFloorTile.clone(),
	Game.Tile.blackWallHoriTile.clone()],
[Game.Tile.blackWallHoriTile.clone(),
	Game.Tile.blackFloorTile.clone(),
	Game.Tile.blackFloorTile.clone(),
	Game.Tile.blackFloorTile.clone(),
	Game.Tile.blackFloorTile.clone(),
	Game.Tile.blackFloorTile.clone(),
	Game.Tile.blackFloorTile.clone(),
	Game.Tile.blackFloorTile.clone(),
	Game.Tile.blackFloorTile.clone(),
	Game.Tile.blackFloorTile.clone(),
	Game.Tile.blackFloorTile.clone(),
	Game.Tile.blackFloorTile.clone(),
	Game.Tile.blackWallHoriTile.clone()],
[Game.Tile.blackWallHoriTile.clone(),
	Game.Tile.blackFloorTile.clone(),
	Game.Tile.blackFloorTile.clone(),
	Game.Tile.blackFloorTile.clone(),
	Game.Tile.blackFloorTile.clone(),
	Game.Tile.blackFloorTile.clone(),
	Game.Tile.blackFloorTile.clone(),
	Game.Tile.blackFloorTile.clone(),
	Game.Tile.blackFloorTile.clone(),
	Game.Tile.blackFloorTile.clone(),
	Game.Tile.blackFloorTile.clone(),
	Game.Tile.blackFloorTile.clone(),
	Game.Tile.blackWallHoriTile.clone()],
[Game.Tile.blackDoorTile.clone(),
	Game.Tile.blackFloorTile.clone(),
	Game.Tile.blackFloorTile.clone(),
	Game.Tile.blackFloorTile.clone(),
	Game.Tile.blackFloorTile.clone(),
	Game.Tile.blackFloorTile.clone(),
	Game.Tile.blackFloorTile.clone(),
	Game.Tile.blackFloorTile.clone(),
	Game.Tile.blackFloorTile.clone(),
	Game.Tile.blackFloorTile.clone(),
	Game.Tile.blackFloorTile.clone(),
	Game.Tile.blackFloorTile.clone(),
	Game.Tile.blackWallHoriTile.clone()],
[Game.Tile.blackWallHoriTile.clone(),
	Game.Tile.blackFloorTile.clone(),
	Game.Tile.blackFloorTile.clone(),
	Game.Tile.blackFloorTile.clone(),
	Game.Tile.blackFloorTile.clone(),
	Game.Tile.blackFloorTile.clone(),
	Game.Tile.blackFloorTile.clone(),
	Game.Tile.blackFloorTile.clone(),
	Game.Tile.blackFloorTile.clone(),
	Game.Tile.blackFloorTile.clone(),
	Game.Tile.blackFloorTile.clone(),
	Game.Tile.blackFloorTile.clone(),
	Game.Tile.blackWallHoriTile.clone()],
[Game.Tile.blackWallHoriTile.clone(),
	Game.Tile.blackFloorTile.clone(),
	Game.Tile.blackFloorTile.clone(),
	Game.Tile.blackFloorTile.clone(),
	Game.Tile.blackFloorTile.clone(),
	Game.Tile.blackFloorTile.clone(),
	Game.Tile.blackFloorTile.clone(),
	Game.Tile.blackFloorTile.clone(),
	Game.Tile.blackFloorTile.clone(),
	Game.Tile.blackFloorTile.clone(),
	Game.Tile.blackFloorTile.clone(),
	Game.Tile.blackFloorTile.clone(),
	Game.Tile.blackWallHoriTile.clone()],
[Game.Tile.blackWallHoriTile.clone(),
	Game.Tile.blackFloorTile.clone(),
	Game.Tile.blackFloorTile.clone(),
	Game.Tile.blackFloorTile.clone(),
	Game.Tile.blackFloorTile.clone(),
	Game.Tile.blackFloorTile.clone(),
	Game.Tile.blackFloorTile.clone(),
	Game.Tile.blackFloorTile.clone(),
	Game.Tile.blackFloorTile.clone(),
	Game.Tile.blackFloorTile.clone(),
	Game.Tile.blackFloorTile.clone(),
	Game.Tile.blackFloorTile.clone(),
	Game.Tile.blackWallHoriTile.clone()],
[Game.Tile.blackWallHoriTile.clone(),
	Game.Tile.blackFloorTile.clone(),
	Game.Tile.blackFloorTile.clone(),
	Game.Tile.blackFloorTile.clone(),
	Game.Tile.blackFloorTile.clone(),
	Game.Tile.blackFloorTile.clone(),
	Game.Tile.blackFloorTile.clone(),
	Game.Tile.blackFloorTile.clone(),
	Game.Tile.blackFloorTile.clone(),
	Game.Tile.blackFloorTile.clone(),
	Game.Tile.blackFloorTile.clone(),
	Game.Tile.blackFloorTile.clone(),
	Game.Tile.blackWallHoriTile.clone()],
[Game.Tile.blackWallHoriTile.clone(),
	Game.Tile.blackFloorTile.clone(),
	Game.Tile.blackFloorTile.clone(),
	Game.Tile.blackFloorTile.clone(),
	Game.Tile.blackFloorTile.clone(),
	Game.Tile.blackFloorTile.clone(),
	Game.Tile.blackFloorTile.clone(),
	Game.Tile.blackFloorTile.clone(),
	Game.Tile.blackFloorTile.clone(),
	Game.Tile.blackFloorTile.clone(),
	Game.Tile.blackFloorTile.clone(),
	Game.Tile.blackFloorTile.clone(),
	Game.Tile.blackWallHoriTile.clone()],
[Game.Tile.blackCorner2Tile.clone(),
	Game.Tile.blackWallVertiTile.clone(),
	Game.Tile.blackWallVertiTile.clone(),
	Game.Tile.blackWallVertiTile.clone(),
	Game.Tile.blackWallVertiTile.clone(),
	Game.Tile.blackWallVertiTile.clone(),
	Game.Tile.blackDoorTile.clone(),
	Game.Tile.blackWallVertiTile.clone(),
	Game.Tile.blackWallVertiTile.clone(),
	Game.Tile.blackWallVertiTile.clone(),
	Game.Tile.blackWallVertiTile.clone(),
	Game.Tile.blackWallVertiTile.clone(),
	Game.Tile.blackCorner4Tile.clone()]]